<?xml version="1.0" encoding="UTF-8"?>
<coverage generated="1782367569553" clover="3.2.0">
  <project timestamp="1782367569553" name="All files">
    <metrics statements="107" coveredstatements="104" conditionals="14" coveredconditionals="10" methods="29" coveredmethods="28" elements="150" coveredelements="142" complexity="0" loc="107" ncloc="107" packages="3" files="11" classes="11"/>
    <package name="src">
      <metrics statements="3" coveredstatements="1" conditionals="0" coveredconditionals="0" methods="1" coveredmethods="1"/>
      <file name="App.tsx" path="/Users/shereef/Dev/website/src/App.tsx">
        <metrics statements="1" coveredstatements="1" conditionals="0" coveredconditionals="0" methods="1" coveredmethods="1"/>
        <line num="12" count="1" type="stmt"/>
      </file>
      <file name="index.tsx" path="/Users/shereef/Dev/website/src/index.tsx">
        <metrics statements="2" coveredstatements="0" conditionals="0" coveredconditionals="0" methods="0" coveredmethods="0"/>
        <line num="7" count="0" type="stmt"/>
        <line num="10" count="0" type="stmt"/>
      </file>
    </package>
    <package name="src.components">
      <metrics statements="49" coveredstatements="48" conditionals="14" coveredconditionals="10" methods="19" coveredmethods="18"/>
      <file name="Footer.tsx" path="/Users/shereef/Dev/website/src/components/Footer.tsx">
        <metrics statements="10" coveredstatements="10" conditionals="0" coveredconditionals="0" methods="1" coveredmethods="1"/>
        <line num="6" count="2" type="stmt"/>
        <line num="13" count="2" type="stmt"/>
        <line num="25" count="2" type="stmt"/>
        <line num="31" count="2" type="stmt"/>
        <line num="38" count="2" type="stmt"/>
        <line num="44" count="2" type="stmt"/>
        <line num="50" count="2" type="stmt"/>
        <line num="56" count="2" type="stmt"/>
        <line num="68" count="2" type="stmt"/>
        <line num="86" count="2" type="stmt"/>
      </file>
      <file name="IataBadge.tsx" path="/Users/shereef/Dev/website/src/components/IataBadge.tsx">
        <metrics statements="7" coveredstatements="7" conditionals="0" coveredconditionals="0" methods="1" coveredmethods="1"/>
        <line num="4" count="4" type="stmt"/>
        <line num="24" count="4" type="stmt"/>
        <line num="33" count="4" type="stmt"/>
        <line num="38" count="4" type="stmt"/>
        <line num="48" count="4" type="stmt"/>
        <line num="56" count="4" type="stmt"/>
        <line num="57" count="6" type="stmt"/>
      </file>
      <file name="ImageSlideshow.tsx" path="/Users/shereef/Dev/website/src/components/ImageSlideshow.tsx">
        <metrics statements="10" coveredstatements="10" conditionals="2" coveredconditionals="2" methods="6" coveredmethods="6"/>
        <line num="4" count="1" type="stmt"/>
        <line num="11" count="1" type="stmt"/>
        <line num="25" count="1" type="stmt"/>
        <line num="35" count="2" type="stmt"/>
        <line num="42" count="2" type="stmt"/>
        <line num="46" count="2" type="stmt"/>
        <line num="49" count="2" type="stmt"/>
        <line num="50" count="3" type="stmt"/>
        <line num="56" count="5" type="stmt"/>
        <line num="59" count="15" type="stmt"/>
      </file>
      <file name="Navbar.tsx" path="/Users/shereef/Dev/website/src/components/Navbar.tsx">
        <metrics statements="22" coveredstatements="21" conditionals="12" coveredconditionals="8" methods="11" coveredmethods="10"/>
        <line num="5" count="2" type="stmt"/>
        <line num="12" count="2" type="cond" truecount="1" falsecount="1"/>
        <line num="13" count="2" type="cond" truecount="1" falsecount="1"/>
        <line num="14" count="2" type="cond" truecount="1" falsecount="1"/>
        <line num="15" count="2" type="cond" truecount="1" falsecount="1"/>
        <line num="18" count="2" type="stmt"/>
        <line num="28" count="2" type="stmt"/>
        <line num="43" count="2" type="stmt"/>
        <line num="57" count="2" type="stmt"/>
        <line num="67" count="2" type="stmt"/>
        <line num="68" count="8" type="cond" truecount="2" falsecount="0"/>
        <line num="77" count="8" type="cond" truecount="2" falsecount="0"/>
        <line num="93" count="2" type="stmt"/>
        <line num="111" count="2" type="stmt"/>
        <line num="112" count="2" type="stmt"/>
        <line num="114" count="2" type="stmt"/>
        <line num="115" count="2" type="stmt"/>
        <line num="116" count="0" type="stmt"/>
        <line num="119" count="2" type="stmt"/>
        <line num="120" count="2" type="stmt"/>
        <line num="123" count="8" type="stmt"/>
        <line num="125" count="2" type="stmt"/>
      </file>
    </package>
    <package name="src.pages">
      <metrics statements="55" coveredstatements="55" conditionals="0" coveredconditionals="0" methods="9" coveredmethods="9"/>
      <file name="About.tsx" path="/Users/shereef/Dev/website/src/pages/About.tsx">
        <metrics statements="8" coveredstatements="8" conditionals="0" coveredconditionals="0" methods="1" coveredmethods="1"/>
        <line num="4" count="2" type="stmt"/>
        <line num="11" count="2" type="stmt"/>
        <line num="17" count="2" type="stmt"/>
        <line num="23" count="2" type="stmt"/>
        <line num="30" count="2" type="stmt"/>
        <line num="42" count="2" type="stmt"/>
        <line num="51" count="2" type="stmt"/>
        <line num="66" count="2" type="stmt"/>
      </file>
      <file name="Contact.tsx" path="/Users/shereef/Dev/website/src/pages/Contact.tsx">
        <metrics statements="15" coveredstatements="15" conditionals="0" coveredconditionals="0" methods="2" coveredmethods="2"/>
        <line num="4" count="2" type="stmt"/>
        <line num="11" count="2" type="stmt"/>
        <line num="17" count="2" type="stmt"/>
        <line num="23" count="2" type="stmt"/>
        <line num="30" count="2" type="stmt"/>
        <line num="41" count="2" type="stmt"/>
        <line num="47" count="2" type="stmt"/>
        <line num="66" count="2" type="stmt"/>
        <line num="76" count="2" type="stmt"/>
        <line num="91" count="2" type="stmt"/>
        <line num="108" count="2" type="stmt"/>
        <line num="126" count="2" type="stmt"/>
        <line num="127" count="1" type="stmt"/>
        <line num="128" count="1" type="stmt"/>
        <line num="131" count="2" type="stmt"/>
      </file>
      <file name="Home.tsx" path="/Users/shereef/Dev/website/src/pages/Home.tsx">
        <metrics statements="14" coveredstatements="14" conditionals="0" coveredconditionals="0" methods="2" coveredmethods="2"/>
        <line num="6" count="2" type="stmt"/>
        <line num="10" count="2" type="stmt"/>
        <line num="21" count="2" type="stmt"/>
        <line num="30" count="2" type="stmt"/>
        <line num="43" count="2" type="stmt"/>
        <line num="51" count="2" type="stmt"/>
        <line num="60" count="2" type="stmt"/>
        <line num="78" count="2" type="stmt"/>
        <line num="87" count="2" type="stmt"/>
        <line num="112" count="2" type="stmt"/>
        <line num="122" count="2" type="stmt"/>
        <line num="128" count="3" type="stmt"/>
        <line num="130" count="3" type="stmt"/>
        <line num="142" count="1" type="stmt"/>
      </file>
      <file name="Industries.tsx" path="/Users/shereef/Dev/website/src/pages/Industries.tsx">
        <metrics statements="9" coveredstatements="9" conditionals="0" coveredconditionals="0" methods="2" coveredmethods="2"/>
        <line num="4" count="2" type="stmt"/>
        <line num="11" count="2" type="stmt"/>
        <line num="17" count="2" type="stmt"/>
        <line num="23" count="2" type="stmt"/>
        <line num="30" count="2" type="stmt"/>
        <line num="37" count="2" type="stmt"/>
        <line num="64" count="2" type="stmt"/>
        <line num="73" count="2" type="stmt"/>
        <line num="82" count="12" type="stmt"/>
      </file>
      <file name="Services.tsx" path="/Users/shereef/Dev/website/src/pages/Services.tsx">
        <metrics statements="9" coveredstatements="9" conditionals="0" coveredconditionals="0" methods="2" coveredmethods="2"/>
        <line num="4" count="2" type="stmt"/>
        <line num="11" count="2" type="stmt"/>
        <line num="17" count="2" type="stmt"/>
        <line num="23" count="2" type="stmt"/>
        <line num="30" count="2" type="stmt"/>
        <line num="37" count="2" type="stmt"/>
        <line num="64" count="2" type="stmt"/>
        <line num="91" count="2" type="stmt"/>
        <line num="100" count="12" type="stmt"/>
      </file>
    </package>
  </project>
</coverage>
