{"/Users/shereef/Dev/website/src/App.tsx": {"path":"/Users/shereef/Dev/website/src/App.tsx","statementMap":{"0":{"start":{"line":12,"column":2},"end":{"line":25,"column":4}}},"fnMap":{"0":{"name":"App","decl":{"start":{"line":11,"column":9},"end":{"line":11,"column":12}},"loc":{"start":{"line":11,"column":15},"end":{"line":26,"column":1}},"line":11}},"branchMap":{},"s":{"0":1},"f":{"0":1},"b":{},"_coverageSchema":"1a1c01bbd47fc00a2c39e90264f33305004495a9","hash":"f0fffe1019841170e95fd6e073530e8c65a6188d"}
,"/Users/shereef/Dev/website/src/index.tsx": {"path":"/Users/shereef/Dev/website/src/index.tsx","statementMap":{"0":{"start":{"line":7,"column":13},"end":{"line":9,"column":1}},"1":{"start":{"line":10,"column":0},"end":{"line":14,"column":2}}},"fnMap":{},"branchMap":{},"s":{"0":0,"1":0},"f":{},"b":{}}
,"/Users/shereef/Dev/website/src/components/Footer.tsx": {"path":"/Users/shereef/Dev/website/src/components/Footer.tsx","statementMap":{"0":{"start":{"line":6,"column":22},"end":{"line":11,"column":1}},"1":{"start":{"line":13,"column":24},"end":{"line":23,"column":1}},"2":{"start":{"line":25,"column":21},"end":{"line":29,"column":1}},"3":{"start":{"line":31,"column":18},"end":{"line":36,"column":1}},"4":{"start":{"line":38,"column":20},"end":{"line":42,"column":1}},"5":{"start":{"line":44,"column":21},"end":{"line":48,"column":1}},"6":{"start":{"line":50,"column":21},"end":{"line":54,"column":1}},"7":{"start":{"line":56,"column":19},"end":{"line":66,"column":1}},"8":{"start":{"line":68,"column":18},"end":{"line":83,"column":1}},"9":{"start":{"line":86,"column":2},"end":{"line":125,"column":4}}},"fnMap":{"0":{"name":"Footer","decl":{"start":{"line":85,"column":9},"end":{"line":85,"column":15}},"loc":{"start":{"line":85,"column":18},"end":{"line":126,"column":1}},"line":85}},"branchMap":{},"s":{"0":2,"1":2,"2":2,"3":2,"4":2,"5":2,"6":2,"7":2,"8":2,"9":2},"f":{"0":2},"b":{},"_coverageSchema":"1a1c01bbd47fc00a2c39e90264f33305004495a9","hash":"2bf02e2b0e413002be8ff3bdd496ed7c18456b66"}
,"/Users/shereef/Dev/website/src/components/IataBadge.tsx": {"path":"/Users/shereef/Dev/website/src/components/IataBadge.tsx","statementMap":{"0":{"start":{"line":4,"column":23},"end":{"line":22,"column":1}},"1":{"start":{"line":24,"column":21},"end":{"line":31,"column":1}},"2":{"start":{"line":33,"column":20},"end":{"line":36,"column":1}},"3":{"start":{"line":38,"column":14},"end":{"line":46,"column":1}},"4":{"start":{"line":48,"column":13},"end":{"line":54,"column":1}},"5":{"start":{"line":56,"column":28},"end":{"line":71,"column":1}},"6":{"start":{"line":57,"column":2},"end":{"line":70,"column":4}}},"fnMap":{"0":{"name":"(anonymous_0)","decl":{"start":{"line":56,"column":28},"end":{"line":56,"column":29}},"loc":{"start":{"line":56,"column":34},"end":{"line":71,"column":1}},"line":56}},"branchMap":{},"s":{"0":4,"1":4,"2":4,"3":4,"4":4,"5":4,"6":6},"f":{"0":6},"b":{},"_coverageSchema":"1a1c01bbd47fc00a2c39e90264f33305004495a9","hash":"63a59cd767efbbd5e7627553bb074f79c0b548e7"}
,"/Users/shereef/Dev/website/src/components/ImageSlideshow.tsx": {"path":"/Users/shereef/Dev/website/src/components/ImageSlideshow.tsx","statementMap":{"0":{"start":{"line":4,"column":27},"end":{"line":9,"column":1}},"1":{"start":{"line":11,"column":14},"end":{"line":23,"column":1}},"2":{"start":{"line":25,"column":15},"end":{"line":25,"column":57}},"3":{"start":{"line":35,"column":31},"end":{"line":37,"column":3}},"4":{"start":{"line":42,"column":4},"end":{"line":42,"column":54}},"5":{"start":{"line":46,"column":4},"end":{"line":46,"column":33}},"6":{"start":{"line":49,"column":14},"end":{"line":53,"column":3}},"7":{"start":{"line":50,"column":4},"end":{"line":52,"column":8}},"8":{"start":{"line":50,"column":34},"end":{"line":52,"column":5}},"9":{"start":{"line":56,"column":4},"end":{"line":67,"column":6}},"10":{"start":{"line":59,"column":10},"end":{"line":64,"column":12}}},"fnMap":{"0":{"name":"(anonymous_0)","decl":{"start":{"line":41,"column":2},"end":{"line":41,"column":3}},"loc":{"start":{"line":41,"column":22},"end":{"line":43,"column":3}},"line":41},"1":{"name":"(anonymous_1)","decl":{"start":{"line":45,"column":2},"end":{"line":45,"column":3}},"loc":{"start":{"line":45,"column":25},"end":{"line":47,"column":3}},"line":45},"2":{"name":"(anonymous_2)","decl":{"start":{"line":49,"column":14},"end":{"line":49,"column":15}},"loc":{"start":{"line":49,"column":20},"end":{"line":53,"column":3}},"line":49},"3":{"name":"(anonymous_3)","decl":{"start":{"line":50,"column":18},"end":{"line":50,"column":19}},"loc":{"start":{"line":50,"column":34},"end":{"line":52,"column":5}},"line":50},"4":{"name":"(anonymous_4)","decl":{"start":{"line":55,"column":2},"end":{"line":55,"column":3}},"loc":{"start":{"line":55,"column":11},"end":{"line":68,"column":3}},"line":55},"5":{"name":"(anonymous_5)","decl":{"start":{"line":58,"column":20},"end":{"line":58,"column":21}},"loc":{"start":{"line":59,"column":10},"end":{"line":64,"column":12}},"line":59}},"branchMap":{"0":{"loc":{"start":{"line":62,"column":23},"end":{"line":62,"column":72}},"type":"cond-expr","locations":[{"start":{"line":62,"column":59},"end":{"line":62,"column":67}},{"start":{"line":62,"column":70},"end":{"line":62,"column":72}}],"line":62}},"s":{"0":1,"1":1,"2":1,"3":2,"4":2,"5":2,"6":2,"7":3,"8":3,"9":5,"10":15},"f":{"0":2,"1":2,"2":3,"3":3,"4":5,"5":15},"b":{"0":[5,10]},"_coverageSchema":"1a1c01bbd47fc00a2c39e90264f33305004495a9","hash":"54a99e06289f4a71703e1e6239bcbd634f064b55"}
,"/Users/shereef/Dev/website/src/components/Navbar.tsx": {"path":"/Users/shereef/Dev/website/src/components/Navbar.tsx","statementMap":{"0":{"start":{"line":5,"column":18},"end":{"line":16,"column":1}},"1":{"start":{"line":12,"column":32},"end":{"line":12,"column":64}},"2":{"start":{"line":13,"column":35},"end":{"line":13,"column":86}},"3":{"start":{"line":14,"column":40},"end":{"line":14,"column":72}},"4":{"start":{"line":15,"column":35},"end":{"line":15,"column":95}},"5":{"start":{"line":18,"column":21},"end":{"line":26,"column":1}},"6":{"start":{"line":28,"column":22},"end":{"line":41,"column":1}},"7":{"start":{"line":43,"column":17},"end":{"line":55,"column":1}},"8":{"start":{"line":57,"column":17},"end":{"line":65,"column":1}},"9":{"start":{"line":67,"column":16},"end":{"line":91,"column":1}},"10":{"start":{"line":68,"column":29},"end":{"line":68,"column":78}},"11":{"start":{"line":77,"column":31},"end":{"line":77,"column":53}},"12":{"start":{"line":93,"column":18},"end":{"line":108,"column":1}},"13":{"start":{"line":111,"column":34},"end":{"line":111,"column":49}},"14":{"start":{"line":112,"column":19},"end":{"line":112,"column":32}},"15":{"start":{"line":114,"column":2},"end":{"line":121,"column":9}},"16":{"start":{"line":115,"column":25},"end":{"line":117,"column":5}},"17":{"start":{"line":116,"column":6},"end":{"line":116,"column":39}},"18":{"start":{"line":119,"column":4},"end":{"line":119,"column":52}},"19":{"start":{"line":120,"column":4},"end":{"line":120,"column":68}},"20":{"start":{"line":120,"column":17},"end":{"line":120,"column":67}},"21":{"start":{"line":123,"column":19},"end":{"line":123,"column":63}},"22":{"start":{"line":123,"column":37},"end":{"line":123,"column":63}},"23":{"start":{"line":125,"column":2},"end":{"line":141,"column":4}}},"fnMap":{"0":{"name":"(anonymous_0)","decl":{"start":{"line":12,"column":13},"end":{"line":12,"column":14}},"loc":{"start":{"line":12,"column":32},"end":{"line":12,"column":64}},"line":12},"1":{"name":"(anonymous_1)","decl":{"start":{"line":13,"column":16},"end":{"line":13,"column":17}},"loc":{"start":{"line":13,"column":35},"end":{"line":13,"column":86}},"line":13},"2":{"name":"(anonymous_2)","decl":{"start":{"line":14,"column":21},"end":{"line":14,"column":22}},"loc":{"start":{"line":14,"column":40},"end":{"line":14,"column":72}},"line":14},"3":{"name":"(anonymous_3)","decl":{"start":{"line":15,"column":16},"end":{"line":15,"column":17}},"loc":{"start":{"line":15,"column":35},"end":{"line":15,"column":95}},"line":15},"4":{"name":"(anonymous_4)","decl":{"start":{"line":68,"column":11},"end":{"line":68,"column":12}},"loc":{"start":{"line":68,"column":29},"end":{"line":68,"column":78}},"line":68},"5":{"name":"(anonymous_5)","decl":{"start":{"line":77,"column":13},"end":{"line":77,"column":14}},"loc":{"start":{"line":77,"column":31},"end":{"line":77,"column":53}},"line":77},"6":{"name":"Navbar","decl":{"start":{"line":110,"column":9},"end":{"line":110,"column":15}},"loc":{"start":{"line":110,"column":18},"end":{"line":142,"column":1}},"line":110},"7":{"name":"(anonymous_7)","decl":{"start":{"line":114,"column":12},"end":{"line":114,"column":13}},"loc":{"start":{"line":114,"column":18},"end":{"line":121,"column":3}},"line":114},"8":{"name":"(anonymous_8)","decl":{"start":{"line":115,"column":25},"end":{"line":115,"column":26}},"loc":{"start":{"line":115,"column":31},"end":{"line":117,"column":5}},"line":115},"9":{"name":"(anonymous_9)","decl":{"start":{"line":120,"column":11},"end":{"line":120,"column":12}},"loc":{"start":{"line":120,"column":17},"end":{"line":120,"column":67}},"line":120},"10":{"name":"(anonymous_10)","decl":{"start":{"line":123,"column":19},"end":{"line":123,"column":20}},"loc":{"start":{"line":123,"column":37},"end":{"line":123,"column":63}},"line":123}},"branchMap":{"0":{"loc":{"start":{"line":12,"column":32},"end":{"line":12,"column":64}},"type":"cond-expr","locations":[{"start":{"line":12,"column":43},"end":{"line":12,"column":51}},{"start":{"line":12,"column":54},"end":{"line":12,"column":64}}],"line":12},"1":{"loc":{"start":{"line":13,"column":35},"end":{"line":13,"column":86}},"type":"cond-expr","locations":[{"start":{"line":13,"column":46},"end":{"line":13,"column":70}},{"start":{"line":13,"column":73},"end":{"line":13,"column":86}}],"line":13},"2":{"loc":{"start":{"line":14,"column":40},"end":{"line":14,"column":72}},"type":"cond-expr","locations":[{"start":{"line":14,"column":51},"end":{"line":14,"column":63}},{"start":{"line":14,"column":66},"end":{"line":14,"column":72}}],"line":14},"3":{"loc":{"start":{"line":15,"column":35},"end":{"line":15,"column":95}},"type":"cond-expr","locations":[{"start":{"line":15,"column":46},"end":{"line":15,"column":86}},{"start":{"line":15,"column":89},"end":{"line":15,"column":95}}],"line":15},"4":{"loc":{"start":{"line":68,"column":29},"end":{"line":68,"column":78}},"type":"cond-expr","locations":[{"start":{"line":68,"column":39},"end":{"line":68,"column":57}},{"start":{"line":68,"column":60},"end":{"line":68,"column":78}}],"line":68},"5":{"loc":{"start":{"line":77,"column":31},"end":{"line":77,"column":53}},"type":"cond-expr","locations":[{"start":{"line":77,"column":41},"end":{"line":77,"column":47}},{"start":{"line":77,"column":50},"end":{"line":77,"column":53}}],"line":77}},"s":{"0":2,"1":2,"2":2,"3":2,"4":2,"5":2,"6":2,"7":2,"8":2,"9":2,"10":8,"11":8,"12":2,"13":2,"14":2,"15":2,"16":2,"17":0,"18":2,"19":2,"20":2,"21":2,"22":8,"23":2},"f":{"0":2,"1":2,"2":2,"3":2,"4":8,"5":8,"6":2,"7":2,"8":0,"9":2,"10":8},"b":{"0":[0,2],"1":[0,2],"2":[0,2],"3":[0,2],"4":[2,6],"5":[2,6]},"_coverageSchema":"1a1c01bbd47fc00a2c39e90264f33305004495a9","hash":"528fcccd252299704623ac628a9f02ce37fc34a5"}
,"/Users/shereef/Dev/website/src/pages/About.tsx": {"path":"/Users/shereef/Dev/website/src/pages/About.tsx","statementMap":{"0":{"start":{"line":4,"column":22},"end":{"line":9,"column":1}},"1":{"start":{"line":11,"column":22},"end":{"line":15,"column":1}},"2":{"start":{"line":17,"column":14},"end":{"line":21,"column":1}},"3":{"start":{"line":23,"column":17},"end":{"line":28,"column":1}},"4":{"start":{"line":30,"column":20},"end":{"line":40,"column":1}},"5":{"start":{"line":42,"column":18},"end":{"line":49,"column":1}},"6":{"start":{"line":51,"column":21},"end":{"line":63,"column":1}},"7":{"start":{"line":66,"column":2},"end":{"line":101,"column":4}}},"fnMap":{"0":{"name":"About","decl":{"start":{"line":65,"column":9},"end":{"line":65,"column":14}},"loc":{"start":{"line":65,"column":17},"end":{"line":102,"column":1}},"line":65}},"branchMap":{},"s":{"0":2,"1":2,"2":2,"3":2,"4":2,"5":2,"6":2,"7":2},"f":{"0":2},"b":{},"_coverageSchema":"1a1c01bbd47fc00a2c39e90264f33305004495a9","hash":"eec26284925a62929ed118706ac70abd1719346c"}
,"/Users/shereef/Dev/website/src/pages/Contact.tsx": {"path":"/Users/shereef/Dev/website/src/pages/Contact.tsx","statementMap":{"0":{"start":{"line":4,"column":22},"end":{"line":9,"column":1}},"1":{"start":{"line":11,"column":22},"end":{"line":15,"column":1}},"2":{"start":{"line":17,"column":14},"end":{"line":21,"column":1}},"3":{"start":{"line":23,"column":17},"end":{"line":28,"column":1}},"4":{"start":{"line":30,"column":20},"end":{"line":39,"column":1}},"5":{"start":{"line":41,"column":20},"end":{"line":45,"column":1}},"6":{"start":{"line":47,"column":16},"end":{"line":64,"column":1}},"7":{"start":{"line":66,"column":13},"end":{"line":74,"column":1}},"8":{"start":{"line":76,"column":14},"end":{"line":89,"column":1}},"9":{"start":{"line":91,"column":17},"end":{"line":106,"column":1}},"10":{"start":{"line":108,"column":21},"end":{"line":123,"column":1}},"11":{"start":{"line":126,"column":23},"end":{"line":129,"column":3}},"12":{"start":{"line":127,"column":4},"end":{"line":127,"column":23}},"13":{"start":{"line":128,"column":4},"end":{"line":128,"column":75}},"14":{"start":{"line":131,"column":2},"end":{"line":175,"column":4}}},"fnMap":{"0":{"name":"Contact","decl":{"start":{"line":125,"column":9},"end":{"line":125,"column":16}},"loc":{"start":{"line":125,"column":19},"end":{"line":176,"column":1}},"line":125},"1":{"name":"(anonymous_1)","decl":{"start":{"line":126,"column":23},"end":{"line":126,"column":24}},"loc":{"start":{"line":126,"column":47},"end":{"line":129,"column":3}},"line":126}},"branchMap":{},"s":{"0":2,"1":2,"2":2,"3":2,"4":2,"5":2,"6":2,"7":2,"8":2,"9":2,"10":2,"11":2,"12":1,"13":1,"14":2},"f":{"0":2,"1":1},"b":{},"_coverageSchema":"1a1c01bbd47fc00a2c39e90264f33305004495a9","hash":"2ec34b9f92f5b1834ae324056d3a318b2bae04c5"}
,"/Users/shereef/Dev/website/src/pages/Home.tsx": {"path":"/Users/shereef/Dev/website/src/pages/Home.tsx","statementMap":{"0":{"start":{"line":6,"column":22},"end":{"line":8,"column":1}},"1":{"start":{"line":10,"column":20},"end":{"line":19,"column":1}},"2":{"start":{"line":21,"column":21},"end":{"line":28,"column":1}},"3":{"start":{"line":30,"column":18},"end":{"line":41,"column":1}},"4":{"start":{"line":43,"column":24},"end":{"line":49,"column":1}},"5":{"start":{"line":51,"column":20},"end":{"line":58,"column":1}},"6":{"start":{"line":60,"column":22},"end":{"line":76,"column":1}},"7":{"start":{"line":78,"column":24},"end":{"line":85,"column":1}},"8":{"start":{"line":87,"column":20},"end":{"line":110,"column":1}},"9":{"start":{"line":112,"column":21},"end":{"line":120,"column":1}},"10":{"start":{"line":122,"column":19},"end":{"line":125,"column":1}},"11":{"start":{"line":128,"column":19},"end":{"line":128,"column":32}},"12":{"start":{"line":130,"column":2},"end":{"line":169,"column":4}},"13":{"start":{"line":142,"column":40},"end":{"line":142,"column":60}}},"fnMap":{"0":{"name":"Home","decl":{"start":{"line":127,"column":9},"end":{"line":127,"column":13}},"loc":{"start":{"line":127,"column":16},"end":{"line":170,"column":1}},"line":127},"1":{"name":"(anonymous_1)","decl":{"start":{"line":142,"column":34},"end":{"line":142,"column":35}},"loc":{"start":{"line":142,"column":40},"end":{"line":142,"column":60}},"line":142}},"branchMap":{},"s":{"0":2,"1":2,"2":2,"3":2,"4":2,"5":2,"6":2,"7":2,"8":2,"9":2,"10":2,"11":3,"12":3,"13":1},"f":{"0":3,"1":1},"b":{},"_coverageSchema":"1a1c01bbd47fc00a2c39e90264f33305004495a9","hash":"4cf99b52dcc0b5d1c87cb7cef76020c50e0331c6"}
,"/Users/shereef/Dev/website/src/pages/Industries.tsx": {"path":"/Users/shereef/Dev/website/src/pages/Industries.tsx","statementMap":{"0":{"start":{"line":4,"column":22},"end":{"line":9,"column":1}},"1":{"start":{"line":11,"column":22},"end":{"line":15,"column":1}},"2":{"start":{"line":17,"column":14},"end":{"line":21,"column":1}},"3":{"start":{"line":23,"column":17},"end":{"line":28,"column":1}},"4":{"start":{"line":30,"column":20},"end":{"line":35,"column":1}},"5":{"start":{"line":37,"column":21},"end":{"line":61,"column":1}},"6":{"start":{"line":64,"column":21},"end":{"line":71,"column":3}},"7":{"start":{"line":73,"column":2},"end":{"line":89,"column":4}},"8":{"start":{"line":82,"column":10},"end":{"line":85,"column":25}}},"fnMap":{"0":{"name":"Industries","decl":{"start":{"line":63,"column":9},"end":{"line":63,"column":19}},"loc":{"start":{"line":63,"column":22},"end":{"line":90,"column":1}},"line":63},"1":{"name":"(anonymous_1)","decl":{"start":{"line":81,"column":24},"end":{"line":81,"column":25}},"loc":{"start":{"line":82,"column":10},"end":{"line":85,"column":25}},"line":82}},"branchMap":{},"s":{"0":2,"1":2,"2":2,"3":2,"4":2,"5":2,"6":2,"7":2,"8":12},"f":{"0":2,"1":12},"b":{},"_coverageSchema":"1a1c01bbd47fc00a2c39e90264f33305004495a9","hash":"493a10c9ffd9ab4ca8721d3d24af87df00bd753f"}
,"/Users/shereef/Dev/website/src/pages/Services.tsx": {"path":"/Users/shereef/Dev/website/src/pages/Services.tsx","statementMap":{"0":{"start":{"line":4,"column":22},"end":{"line":9,"column":1}},"1":{"start":{"line":11,"column":22},"end":{"line":15,"column":1}},"2":{"start":{"line":17,"column":14},"end":{"line":21,"column":1}},"3":{"start":{"line":23,"column":17},"end":{"line":28,"column":1}},"4":{"start":{"line":30,"column":21},"end":{"line":35,"column":1}},"5":{"start":{"line":37,"column":20},"end":{"line":61,"column":1}},"6":{"start":{"line":64,"column":19},"end":{"line":89,"column":3}},"7":{"start":{"line":91,"column":2},"end":{"line":107,"column":4}},"8":{"start":{"line":100,"column":10},"end":{"line":103,"column":24}}},"fnMap":{"0":{"name":"Services","decl":{"start":{"line":63,"column":9},"end":{"line":63,"column":17}},"loc":{"start":{"line":63,"column":20},"end":{"line":108,"column":1}},"line":63},"1":{"name":"(anonymous_1)","decl":{"start":{"line":99,"column":22},"end":{"line":99,"column":23}},"loc":{"start":{"line":100,"column":10},"end":{"line":103,"column":24}},"line":100}},"branchMap":{},"s":{"0":2,"1":2,"2":2,"3":2,"4":2,"5":2,"6":2,"7":2,"8":12},"f":{"0":2,"1":12},"b":{},"_coverageSchema":"1a1c01bbd47fc00a2c39e90264f33305004495a9","hash":"85a883f544302fca0965af62ddee141ed8d681fb"}
}
