TN:
SF:src/App.tsx
FN:11,App
FNF:1
FNH:1
FNDA:1,App
DA:12,1
LF:1
LH:1
BRF:0
BRH:0
end_of_record
TN:
SF:src/index.tsx
FNF:0
FNH:0
DA:7,0
DA:10,0
LF:2
LH:0
BRF:0
BRH:0
end_of_record
TN:
SF:src/components/Footer.tsx
FN:85,Footer
FNF:1
FNH:1
FNDA:2,Footer
DA:6,2
DA:13,2
DA:25,2
DA:31,2
DA:38,2
DA:44,2
DA:50,2
DA:56,2
DA:68,2
DA:86,2
LF:10
LH:10
BRF:0
BRH:0
end_of_record
TN:
SF:src/components/IataBadge.tsx
FN:56,(anonymous_0)
FNF:1
FNH:1
FNDA:6,(anonymous_0)
DA:4,4
DA:24,4
DA:33,4
DA:38,4
DA:48,4
DA:56,4
DA:57,6
LF:7
LH:7
BRF:0
BRH:0
end_of_record
TN:
SF:src/components/ImageSlideshow.tsx
FN:41,(anonymous_0)
FN:45,(anonymous_1)
FN:49,(anonymous_2)
FN:50,(anonymous_3)
FN:55,(anonymous_4)
FN:58,(anonymous_5)
FNF:6
FNH:6
FNDA:2,(anonymous_0)
FNDA:2,(anonymous_1)
FNDA:3,(anonymous_2)
FNDA:3,(anonymous_3)
FNDA:5,(anonymous_4)
FNDA:15,(anonymous_5)
DA:4,1
DA:11,1
DA:25,1
DA:35,2
DA:42,2
DA:46,2
DA:49,2
DA:50,3
DA:56,5
DA:59,15
LF:10
LH:10
BRDA:62,0,0,5
BRDA:62,0,1,10
BRF:2
BRH:2
end_of_record
TN:
SF:src/components/Navbar.tsx
FN:12,(anonymous_0)
FN:13,(anonymous_1)
FN:14,(anonymous_2)
FN:15,(anonymous_3)
FN:68,(anonymous_4)
FN:77,(anonymous_5)
FN:110,Navbar
FN:114,(anonymous_7)
FN:115,(anonymous_8)
FN:120,(anonymous_9)
FN:123,(anonymous_10)
FNF:11
FNH:10
FNDA:2,(anonymous_0)
FNDA:2,(anonymous_1)
FNDA:2,(anonymous_2)
FNDA:2,(anonymous_3)
FNDA:8,(anonymous_4)
FNDA:8,(anonymous_5)
FNDA:2,Navbar
FNDA:2,(anonymous_7)
FNDA:0,(anonymous_8)
FNDA:2,(anonymous_9)
FNDA:8,(anonymous_10)
DA:5,2
DA:12,2
DA:13,2
DA:14,2
DA:15,2
DA:18,2
DA:28,2
DA:43,2
DA:57,2
DA:67,2
DA:68,8
DA:77,8
DA:93,2
DA:111,2
DA:112,2
DA:114,2
DA:115,2
DA:116,0
DA:119,2
DA:120,2
DA:123,8
DA:125,2
LF:22
LH:21
BRDA:12,0,0,0
BRDA:12,0,1,2
BRDA:13,1,0,0
BRDA:13,1,1,2
BRDA:14,2,0,0
BRDA:14,2,1,2
BRDA:15,3,0,0
BRDA:15,3,1,2
BRDA:68,4,0,2
BRDA:68,4,1,6
BRDA:77,5,0,2
BRDA:77,5,1,6
BRF:12
BRH:8
end_of_record
TN:
SF:src/pages/About.tsx
FN:65,About
FNF:1
FNH:1
FNDA:2,About
DA:4,2
DA:11,2
DA:17,2
DA:23,2
DA:30,2
DA:42,2
DA:51,2
DA:66,2
LF:8
LH:8
BRF:0
BRH:0
end_of_record
TN:
SF:src/pages/Contact.tsx
FN:125,Contact
FN:126,(anonymous_1)
FNF:2
FNH:2
FNDA:2,Contact
FNDA:1,(anonymous_1)
DA:4,2
DA:11,2
DA:17,2
DA:23,2
DA:30,2
DA:41,2
DA:47,2
DA:66,2
DA:76,2
DA:91,2
DA:108,2
DA:126,2
DA:127,1
DA:128,1
DA:131,2
LF:15
LH:15
BRF:0
BRH:0
end_of_record
TN:
SF:src/pages/Home.tsx
FN:127,Home
FN:142,(anonymous_1)
FNF:2
FNH:2
FNDA:3,Home
FNDA:1,(anonymous_1)
DA:6,2
DA:10,2
DA:21,2
DA:30,2
DA:43,2
DA:51,2
DA:60,2
DA:78,2
DA:87,2
DA:112,2
DA:122,2
DA:128,3
DA:130,3
DA:142,1
LF:14
LH:14
BRF:0
BRH:0
end_of_record
TN:
SF:src/pages/Industries.tsx
FN:63,Industries
FN:81,(anonymous_1)
FNF:2
FNH:2
FNDA:2,Industries
FNDA:12,(anonymous_1)
DA:4,2
DA:11,2
DA:17,2
DA:23,2
DA:30,2
DA:37,2
DA:64,2
DA:73,2
DA:82,12
LF:9
LH:9
BRF:0
BRH:0
end_of_record
TN:
SF:src/pages/Services.tsx
FN:63,Services
FN:99,(anonymous_1)
FNF:2
FNH:2
FNDA:2,Services
FNDA:12,(anonymous_1)
DA:4,2
DA:11,2
DA:17,2
DA:23,2
DA:30,2
DA:37,2
DA:64,2
DA:91,2
DA:100,12
LF:9
LH:9
BRF:0
BRH:0
end_of_record
